<?xml version="1.0" encoding="UTF-8"?>
<testsuite name="com.example.project.TipCalculatorTest" tests="3" skipped="0" failures="0" errors="0" timestamp="2024-09-20T16:31:42" hostname="codespaces-6d413e" time="0.152">
  <properties/>
  <testcase name="testCalculateTip2()" classname="com.example.project.TipCalculatorTest" time="0.104"/>
  <testcase name="testCalculateTip3()" classname="com.example.project.TipCalculatorTest" time="0.008"/>
  <testcase name="testCalculateTip()" classname="com.example.project.TipCalculatorTest" time="0.016"/>
  <system-out><![CDATA[]]></system-out>
  <system-err><![CDATA[]]></system-err>
</testsuite>
